2012-09-10 15:27:34 Tracing process name/id : com.google.android.youtube/1390, whose used Pss/Dirty memory usage(kb): 28006/20344
2012-09-10 15:27:34 Tracing process name/id : com.android.launcher/599, whose used Pss/Dirty memory usage(kb): 27905/16648
2012-09-10 15:27:34 Tracing process name/id : system/308, whose used Pss/Dirty memory usage(kb): 19275/15328
2012-09-10 15:27:34 Tracing process name/id : com.android.systemui/417, whose used Pss/Dirty memory usage(kb): 17915/10864
2012-09-10 15:27:34 Tracing process name/id : android.process.acore/1581, whose used Pss/Dirty memory usage(kb): 12362/5032
2012-09-10 15:27:34 Tracing process name/id : com.google.android.apps.currents/2324, whose used Pss/Dirty memory usage(kb): 10939/6600
2012-09-10 15:27:34 Tracing process name/id : com.google.android.inputmethod.latin/544, whose used Pss/Dirty memory usage(kb): 9451/7348
2012-09-10 15:27:35 Tracing process name/id : com.google.android.apps.plus/1434, whose used Pss/Dirty memory usage(kb): 9404/6324
2012-09-10 15:27:35 Tracing process name/id : com.android.vending/1279, whose used Pss/Dirty memory usage(kb): 9270/5752
2012-09-10 15:27:35 Tracing process name/id : com.google.process.gapps/725, whose used Pss/Dirty memory usage(kb): 8886/6140
2012-09-10 15:27:35 Tracing process name/id : com.google.android.apps.maps/1626, whose used Pss/Dirty memory usage(kb): 7260/3884
2012-09-10 15:27:35 Tracing process name/id : com.google.android.music:main/1529, whose used Pss/Dirty memory usage(kb): 6444/3640
2012-09-10 15:27:35 Tracing process name/id : com.google.android.gm/1486, whose used Pss/Dirty memory usage(kb): 6125/3888
2012-09-10 15:27:35 Tracing process name/id : android.process.media/515, whose used Pss/Dirty memory usage(kb): 5563/4224
2012-09-10 15:27:35 Tracing process name/id : com.android.phone/570, whose used Pss/Dirty memory usage(kb): 5391/3856
2012-09-10 15:27:35 Tracing process name/id : com.google.android.gallery3d/1362, whose used Pss/Dirty memory usage(kb): 5096/3228
2012-09-10 15:27:35 Tracing process name/id : com.google.android.talk/1552, whose used Pss/Dirty memory usage(kb): 4679/2916
2012-09-10 15:27:35 Tracing process name/id : com.google.android.apps.uploader/1376, whose used Pss/Dirty memory usage(kb): 3899/2816
2012-09-10 15:27:35 Tracing process name/id : com.google.android.calendar/1452, whose used Pss/Dirty memory usage(kb): 3789/2312
2012-09-10 15:27:35 Tracing process name/id : com.android.nfc/582, whose used Pss/Dirty memory usage(kb): 3621/2576
2012-09-10 15:27:35 Tracing process name/id : com.google.android.gsf.login/500, whose used Pss/Dirty memory usage(kb): 3545/2232
2012-09-10 15:27:35 Tracing process name/id : com.android.providers.calendar/1472, whose used Pss/Dirty memory usage(kb): 3497/2376
2012-09-10 15:27:35 Tracing process name/id : com.android.ebl.akl.service.memoryLog/1825, whose used Pss/Dirty memory usage(kb): 3213/2280
2012-09-10 15:27:35 Tracing process name/id : com.google.android.inputmethod.latin.dictionarypack/1955, whose used Pss/Dirty memory usage(kb): 3123/2056
2012-09-10 15:27:35 Tracing process name/id : com.android.service.test/2383, whose used Pss/Dirty memory usage(kb): 2829/1892
2012-09-10 15:27:35 Total_PSS:221487, Total_USS:144556
2012-09-10 15:28:39 Tracing process name/id : com.google.android.youtube/1390, whose used Pss/Dirty memory usage(kb): 28757/22152
2012-09-10 15:28:39 Tracing process name/id : com.android.launcher/599, whose used Pss/Dirty memory usage(kb): 27987/20580
2012-09-10 15:28:39 Tracing process name/id : system/308, whose used Pss/Dirty memory usage(kb): 19571/15636
2012-09-10 15:28:39 Tracing process name/id : com.android.systemui/417, whose used Pss/Dirty memory usage(kb): 17940/10872
2012-09-10 15:28:39 Tracing process name/id : android.process.acore/1581, whose used Pss/Dirty memory usage(kb): 11757/4524
2012-09-10 15:28:39 Tracing process name/id : com.google.android.apps.currents/2324, whose used Pss/Dirty memory usage(kb): 10956/6600
2012-09-10 15:28:39 Tracing process name/id : com.google.android.apps.plus/1434, whose used Pss/Dirty memory usage(kb): 9403/6324
2012-09-10 15:28:39 Tracing process name/id : com.android.vending/1279, whose used Pss/Dirty memory usage(kb): 9268/5752
2012-09-10 15:28:39 Tracing process name/id : com.google.android.inputmethod.latin/544, whose used Pss/Dirty memory usage(kb): 9152/7024
2012-09-10 15:28:39 Tracing process name/id : com.google.process.gapps/725, whose used Pss/Dirty memory usage(kb): 8917/6140
2012-09-10 15:28:39 Tracing process name/id : com.google.android.apps.maps/1626, whose used Pss/Dirty memory usage(kb): 7328/3884
2012-09-10 15:28:39 Tracing process name/id : com.google.android.music:main/1529, whose used Pss/Dirty memory usage(kb): 6443/3640
2012-09-10 15:28:39 Tracing process name/id : com.google.android.gm/1486, whose used Pss/Dirty memory usage(kb): 6123/3888
2012-09-10 15:28:39 Tracing process name/id : android.process.media/515, whose used Pss/Dirty memory usage(kb): 5576/4224
2012-09-10 15:28:39 Tracing process name/id : com.android.phone/570, whose used Pss/Dirty memory usage(kb): 5416/3856
2012-09-10 15:28:39 Tracing process name/id : com.google.android.gallery3d/1362, whose used Pss/Dirty memory usage(kb): 5099/3228
2012-09-10 15:28:39 Tracing process name/id : com.google.android.talk/1552, whose used Pss/Dirty memory usage(kb): 4377/2712
2012-09-10 15:28:39 Tracing process name/id : com.google.android.apps.uploader/1376, whose used Pss/Dirty memory usage(kb): 3901/2816
2012-09-10 15:28:39 Tracing process name/id : com.google.android.calendar/1452, whose used Pss/Dirty memory usage(kb): 3789/2312
2012-09-10 15:28:39 Tracing process name/id : com.android.nfc/582, whose used Pss/Dirty memory usage(kb): 3633/2576
2012-09-10 15:28:39 Tracing process name/id : com.google.android.gsf.login/500, whose used Pss/Dirty memory usage(kb): 3577/2252
2012-09-10 15:28:39 Tracing process name/id : com.android.providers.calendar/1472, whose used Pss/Dirty memory usage(kb): 3496/2376
2012-09-10 15:28:39 Tracing process name/id : com.android.ebl.akl.service.memoryLog/1825, whose used Pss/Dirty memory usage(kb): 3288/2300
2012-09-10 15:28:39 Tracing process name/id : com.google.android.inputmethod.latin.dictionarypack/1955, whose used Pss/Dirty memory usage(kb): 3209/2056
2012-09-10 15:28:39 Tracing process name/id : com.android.service.test/2383, whose used Pss/Dirty memory usage(kb): 2849/1908
2012-09-10 15:28:39 Total_PSS:221812, Total_USS:149632
