2012-09-19 16:05:46 Tracing process name/id : com.android.launcher/434, whose used Pss/Dirty memory usage(kb): 26289/19740
2012-09-19 16:05:46 Tracing process name/id : com.android.systemui/324, whose used Pss/Dirty memory usage(kb): 18258/14356
2012-09-19 16:05:46 Tracing process name/id : system/246, whose used Pss/Dirty memory usage(kb): 18138/15084
2012-09-19 16:05:46 Tracing process name/id : com.android.contacts/1544, whose used Pss/Dirty memory usage(kb): 8730/6988
2012-09-19 16:05:46 Tracing process name/id : android.process.acore/1565, whose used Pss/Dirty memory usage(kb): 8016/5208
2012-09-19 16:05:46 Tracing process name/id : com.google.android.apps.plus/1174, whose used Pss/Dirty memory usage(kb): 7589/6416
2012-09-19 16:05:46 Tracing process name/id : com.google.android.youtube/1119, whose used Pss/Dirty memory usage(kb): 6380/4880
2012-09-19 16:05:46 Tracing process name/id : com.android.vending/653, whose used Pss/Dirty memory usage(kb): 6017/4392
2012-09-19 16:05:46 Tracing process name/id : com.google.process.gapps/543, whose used Pss/Dirty memory usage(kb): 5915/4824
2012-09-19 16:05:46 Tracing process name/id : com.google.android.apps.maps:NetworkLocationService/616, whose used Pss/Dirty memory usage(kb): 5837/4868
2012-09-19 16:05:46 Tracing process name/id : com.google.android.gallery3d/1895, whose used Pss/Dirty memory usage(kb): 5650/3264
2012-09-19 16:05:46 Tracing process name/id : com.noshufou.android.su/1719, whose used Pss/Dirty memory usage(kb): 4939/3120
2012-09-19 16:05:46 Tracing process name/id : android.process.media/1133, whose used Pss/Dirty memory usage(kb): 4917/3712
2012-09-19 16:05:46 Tracing process name/id : com.google.android.music:main/1046, whose used Pss/Dirty memory usage(kb): 4902/3816
2012-09-19 16:05:46 Tracing process name/id : com.google.android.apps.maps/1470, whose used Pss/Dirty memory usage(kb): 4591/3448
2012-09-19 16:05:46 Tracing process name/id : com.google.android.inputmethod.latin/392, whose used Pss/Dirty memory usage(kb): 4397/3272
2012-09-19 16:05:46 Tracing process name/id : com.android.phone/409, whose used Pss/Dirty memory usage(kb): 4225/3188
2012-09-19 16:05:46 Tracing process name/id : com.google.android.apps.uploader/1106, whose used Pss/Dirty memory usage(kb): 3832/2832
2012-09-19 16:05:46 Tracing process name/id : com.google.android.gsf.login/1775, whose used Pss/Dirty memory usage(kb): 3707/1972
2012-09-19 16:05:46 Tracing process name/id : com.android.service.test/1843, whose used Pss/Dirty memory usage(kb): 3181/1848
2012-09-19 16:05:46 Tracing process name/id : com.android.nfc/417, whose used Pss/Dirty memory usage(kb): 3180/2204
2012-09-19 16:05:46 Tracing process name/id : com.android.ebl.akl.service.memoryLog/1349, whose used Pss/Dirty memory usage(kb): 2883/2036
2012-09-19 16:05:46 Total_PSS:161573, Total_USS:121468
2012-09-19 16:07:21 Tracing process name/id : com.android.launcher/434, whose used Pss/Dirty memory usage(kb): 26654/13876
2012-09-19 16:07:21 Tracing process name/id : system/246, whose used Pss/Dirty memory usage(kb): 18050/15124
2012-09-19 16:07:21 Tracing process name/id : com.android.systemui/324, whose used Pss/Dirty memory usage(kb): 17904/12348
2012-09-19 16:07:21 Tracing process name/id : com.android.contacts/1544, whose used Pss/Dirty memory usage(kb): 8352/6620
2012-09-19 16:07:21 Tracing process name/id : com.google.android.apps.plus/1174, whose used Pss/Dirty memory usage(kb): 7683/6420
2012-09-19 16:07:21 Tracing process name/id : com.google.android.youtube/1119, whose used Pss/Dirty memory usage(kb): 6469/4880
2012-09-19 16:07:21 Tracing process name/id : com.google.process.gapps/543, whose used Pss/Dirty memory usage(kb): 5861/4772
2012-09-19 16:07:21  Tracing process name/id : com.google.android.apps.maps:NetworkLocationService/616, whose used Pss/Dirty memory usage(kb): 5817/4868
2012-09-19 16:07:21  Tracing process name/id : com.google.android.gallery3d/1895, whose used Pss/Dirty memory usage(kb): 5650/3268
2012-09-19 16:07:21  Tracing process name/id : com.android.vending/653, whose used Pss/Dirty memory usage(kb): 5548/3956
2012-09-19 16:07:21  Tracing process name/id : android.process.acore/1565, whose used Pss/Dirty memory usage(kb): 5511/4140
2012-09-19 16:07:21  Tracing process name/id : android.process.media/1133, whose used Pss/Dirty memory usage(kb): 5007/3712
2012-09-19 16:07:21  Tracing process name/id : com.noshufou.android.su/1719, whose used Pss/Dirty memory usage(kb): 4931/3120
2012-09-19 16:07:21  Tracing process name/id : com.google.android.inputmethod.latin/392, whose used Pss/Dirty memory usage(kb): 4672/3520
2012-09-19 16:07:21  Tracing process name/id : com.google.android.apps.maps/1470, whose used Pss/Dirty memory usage(kb): 4587/3456
2012-09-19 16:07:21  Tracing process name/id : com.google.android.music:main/1046, whose used Pss/Dirty memory usage(kb): 4298/3176
2012-09-19 16:07:21  Tracing process name/id : com.android.phone/409, whose used Pss/Dirty memory usage(kb): 4190/3172
2012-09-19 16:07:21  Tracing process name/id : com.google.android.gsf.login/1775, whose used Pss/Dirty memory usage(kb): 3710/1976
2012-09-19 16:07:21  Tracing process name/id : com.google.android.apps.uploader/1106, whose used Pss/Dirty memory usage(kb): 3514/2512
2012-09-19 16:07:21  Tracing process name/id : com.android.service.test/1843, whose used Pss/Dirty memory usage(kb): 3200/1872
2012-09-19 16:07:21  Tracing process name/id : com.android.nfc/417, whose used Pss/Dirty memory usage(kb): 3164/2204
2012-09-19 16:07:21  Tracing process name/id : com.android.ebl.akl.service.memoryLog/1349, whose used Pss/Dirty memory usage(kb): 3129/2272
2012-09-19 16:07:21 Total_PSS:157901, Total_USS:111264
