2012-06-28 11:50:22		Tracing process name/id : system/109, whose used Pss/Dirty memory usage(kb): 38784/21672.
2012-06-28 11:50:22		Tracing process name/id : com.android.launcher/193, whose used Pss/Dirty memory usage(kb): 30438/15320.
2012-06-28 11:50:22		Tracing process name/id : com.android.systemui/173, whose used Pss/Dirty memory usage(kb): 10586/7000.
2012-06-28 11:50:22		Tracing process name/id : com.android.vending/523, whose used Pss/Dirty memory usage(kb): 7656/4592.
2012-06-28 11:50:22		Tracing process name/id : com.google.android.inputmethod.latin/181, whose used Pss/Dirty memory usage(kb): 7250/5700.
2012-06-28 11:50:22		Tracing process name/id : com.google.process.gapps/232, whose used Pss/Dirty memory usage(kb): 7246/4796.
2012-06-28 11:50:22		Tracing process name/id : com.google.android.apps.maps/1558, whose used Pss/Dirty memory usage(kb): 6620/3572.
2012-06-28 11:50:22		Tracing process name/id : com.google.android.googlequicksearchbox/498, whose used Pss/Dirty memory usage(kb): 6037/4468.
2012-06-28 11:50:22		Tracing process name/id : com.android.phone/191, whose used Pss/Dirty memory usage(kb): 5510/3496.
2012-06-28 11:50:22		Tracing process name/id : android.process.acore/224, whose used Pss/Dirty memory usage(kb): 4598/3280.
2012-06-28 11:50:22		Tracing process name/id : com.google.android.apps.genie.geniewidget/512, whose used Pss/Dirty memory usage(kb): 4181/2692.
2012-06-28 11:50:22		Tracing process name/id : android.process.media/299, whose used Pss/Dirty memory usage(kb): 3723/2660.
2012-06-28 11:50:22		Tracing process name/id : com.noshufou.android.su/575, whose used Pss/Dirty memory usage(kb): 3444/2216.
2012-06-28 11:50:22		Tracing process name/id : com.android.browser/762, whose used Pss/Dirty memory usage(kb): 3322/2128.
2012-06-28 11:50:22		Tracing process name/id : com.google.android.gallery3d/549, whose used Pss/Dirty memory usage(kb): 3205/2096.
2012-06-28 11:50:22		Tracing process name/id : com.android.mms/872, whose used Pss/Dirty memory usage(kb): 2961/1760.
2012-06-28 11:50:22		Tracing process name/id : com.android.ebl.akl.service.memoryLog/701, whose used Pss/Dirty memory usage(kb): 2891/2180.
2012-06-28 11:50:22		Tracing process name/id : com.android.ebl.akl.service.vmCrashTestify/791, whose used Pss/Dirty memory usage(kb): 2794/1932.
2012-06-28 11:50:22		Tracing process name/id : com.android.nfc3/192, whose used Pss/Dirty memory usage(kb): 2511/1564.
2012-06-28 11:50:22		Tracing process name/id : com.android.service.test/1134, whose used Pss/Dirty memory usage(kb): 2403/1668.
2012-06-28 11:50:22		Tracing process name/id : com.google.android.apps.uploader/558, whose used Pss/Dirty memory usage(kb): 2363/1444.
2012-06-28 11:50:22		Tracing process name/id : com.android.ebl.akl.service.batteryRundown/680, whose used Pss/Dirty memory usage(kb): 2030/1332.
2012-06-28 11:50:22		Memory Information : 179MB, total used pss memory : 156 MB 809 KB, total used dirty memory : 95 MB 288 KB.
2012-06-28 11:50:25		Tracing process name/id : system/109, whose used Pss/Dirty memory usage(kb): 38783/21672.
2012-06-28 11:50:25		Tracing process name/id : com.android.launcher/193, whose used Pss/Dirty memory usage(kb): 30437/15376.
2012-06-28 11:50:25		Tracing process name/id : com.android.systemui/173, whose used Pss/Dirty memory usage(kb): 10586/7000.
2012-06-28 11:50:25		Tracing process name/id : com.android.vending/523, whose used Pss/Dirty memory usage(kb): 7656/4592.
2012-06-28 11:50:25		Tracing process name/id : com.google.android.inputmethod.latin/181, whose used Pss/Dirty memory usage(kb): 7250/5700.
2012-06-28 11:50:25		Tracing process name/id : com.google.process.gapps/232, whose used Pss/Dirty memory usage(kb): 7247/4796.
2012-06-28 11:50:25		Tracing process name/id : com.google.android.apps.maps/1558, whose used Pss/Dirty memory usage(kb): 6620/3572.
2012-06-28 11:50:25		Tracing process name/id : com.google.android.googlequicksearchbox/498, whose used Pss/Dirty memory usage(kb): 6037/4468.
2012-06-28 11:50:25		Tracing process name/id : com.android.phone/191, whose used Pss/Dirty memory usage(kb): 5510/3496.
2012-06-28 11:50:25		Tracing process name/id : android.process.acore/224, whose used Pss/Dirty memory usage(kb): 4598/3280.
2012-06-28 11:50:25		Tracing process name/id : com.google.android.apps.genie.geniewidget/512, whose used Pss/Dirty memory usage(kb): 4181/2692.
2012-06-28 11:50:25		Tracing process name/id : android.process.media/299, whose used Pss/Dirty memory usage(kb): 3723/2660.
2012-06-28 11:50:25		Tracing process name/id : com.noshufou.android.su/575, whose used Pss/Dirty memory usage(kb): 3444/2216.
2012-06-28 11:50:25		Tracing process name/id : com.android.browser/762, whose used Pss/Dirty memory usage(kb): 3322/2128.
2012-06-28 11:50:25		Tracing process name/id : com.google.android.gallery3d/549, whose used Pss/Dirty memory usage(kb): 3205/2096.
2012-06-28 11:50:25		Tracing process name/id : com.android.ebl.akl.service.memoryLog/701, whose used Pss/Dirty memory usage(kb): 3055/2344.
2012-06-28 11:50:25		Tracing process name/id : com.android.mms/872, whose used Pss/Dirty memory usage(kb): 2961/1760.
2012-06-28 11:50:25		Tracing process name/id : com.android.ebl.akl.service.vmCrashTestify/791, whose used Pss/Dirty memory usage(kb): 2794/1932.
2012-06-28 11:50:25		Tracing process name/id : com.android.nfc3/192, whose used Pss/Dirty memory usage(kb): 2511/1564.
2012-06-28 11:50:25		Tracing process name/id : com.android.service.test/1134, whose used Pss/Dirty memory usage(kb): 2403/1668.
2012-06-28 11:50:25		Tracing process name/id : com.google.android.apps.uploader/558, whose used Pss/Dirty memory usage(kb): 2363/1444.
2012-06-28 11:50:25		Tracing process name/id : com.android.ebl.akl.service.batteryRundown/680, whose used Pss/Dirty memory usage(kb): 2030/1332.
2012-06-28 11:50:25		Memory Information : 178MB, total used pss memory : 156 MB 972 KB, total used dirty memory : 95 MB 508 KB.
2012-06-28 11:50:28		Tracing process name/id : system/109, whose used Pss/Dirty memory usage(kb): 39713/22596.
2012-06-28 11:50:28		Tracing process name/id : com.android.launcher/193, whose used Pss/Dirty memory usage(kb): 30437/15376.
2012-06-28 11:50:28		Tracing process name/id : com.android.systemui/173, whose used Pss/Dirty memory usage(kb): 10586/7000.
2012-06-28 11:50:28		Tracing process name/id : com.android.vending/523, whose used Pss/Dirty memory usage(kb): 7656/4592.
2012-06-28 11:50:28		Tracing process name/id : com.google.android.inputmethod.latin/181, whose used Pss/Dirty memory usage(kb): 7266/5716.
2012-06-28 11:50:28		Tracing process name/id : com.google.process.gapps/232, whose used Pss/Dirty memory usage(kb): 7247/4796.
2012-06-28 11:50:28		Tracing process name/id : com.google.android.apps.maps/1558, whose used Pss/Dirty memory usage(kb): 6620/3572.
2012-06-28 11:50:28		Tracing process name/id : com.google.android.googlequicksearchbox/498, whose used Pss/Dirty memory usage(kb): 6037/4468.
2012-06-28 11:50:28		Tracing process name/id : com.android.phone/191, whose used Pss/Dirty memory usage(kb): 5531/3508.
2012-06-28 11:50:28		Tracing process name/id : android.process.acore/224, whose used Pss/Dirty memory usage(kb): 4598/3280.
2012-06-28 11:50:28		Tracing process name/id : com.google.android.apps.genie.geniewidget/512, whose used Pss/Dirty memory usage(kb): 4181/2692.
2012-06-28 11:50:28		Tracing process name/id : android.process.media/299, whose used Pss/Dirty memory usage(kb): 3723/2660.
2012-06-28 11:50:28		Tracing process name/id : com.noshufou.android.su/575, whose used Pss/Dirty memory usage(kb): 3444/2216.
2012-06-28 11:50:28		Tracing process name/id : com.android.browser/762, whose used Pss/Dirty memory usage(kb): 3322/2128.
2012-06-28 11:50:28		Tracing process name/id : com.android.ebl.akl.service.memoryLog/701, whose used Pss/Dirty memory usage(kb): 3243/2532.
2012-06-28 11:50:28		Tracing process name/id : com.google.android.gallery3d/549, whose used Pss/Dirty memory usage(kb): 3205/2096.
2012-06-28 11:50:28		Tracing process name/id : com.android.mms/872, whose used Pss/Dirty memory usage(kb): 2961/1760.
2012-06-28 11:50:28		Tracing process name/id : com.android.ebl.akl.service.vmCrashTestify/791, whose used Pss/Dirty memory usage(kb): 2794/1932.
2012-06-28 11:50:28		Tracing process name/id : com.android.nfc3/192, whose used Pss/Dirty memory usage(kb): 2511/1564.
2012-06-28 11:50:28		Tracing process name/id : com.android.service.test/1134, whose used Pss/Dirty memory usage(kb): 2403/1668.
2012-06-28 11:50:28		Tracing process name/id : com.google.android.apps.uploader/558, whose used Pss/Dirty memory usage(kb): 2363/1444.
2012-06-28 11:50:28		Tracing process name/id : com.android.ebl.akl.service.batteryRundown/680, whose used Pss/Dirty memory usage(kb): 2030/1332.
2012-06-28 11:50:28		Memory Information : 177MB, total used pss memory : 158 MB 79 KB, total used dirty memory : 96 MB 624 KB.
2012-06-28 11:50:32		Tracing process name/id : system/109, whose used Pss/Dirty memory usage(kb): 43077/25964.
2012-06-28 11:50:32		Tracing process name/id : com.android.launcher/193, whose used Pss/Dirty memory usage(kb): 30436/15376.
2012-06-28 11:50:32		Tracing process name/id : com.android.systemui/173, whose used Pss/Dirty memory usage(kb): 10585/7000.
2012-06-28 11:50:32		Tracing process name/id : com.android.vending/523, whose used Pss/Dirty memory usage(kb): 7656/4592.
2012-06-28 11:50:32		Tracing process name/id : com.google.process.gapps/232, whose used Pss/Dirty memory usage(kb): 7267/4816.
2012-06-28 11:50:32		Tracing process name/id : com.google.android.inputmethod.latin/181, whose used Pss/Dirty memory usage(kb): 7265/5716.
2012-06-28 11:50:32		Tracing process name/id : com.google.android.apps.maps/1558, whose used Pss/Dirty memory usage(kb): 6620/3572.
2012-06-28 11:50:32		Tracing process name/id : com.google.android.googlequicksearchbox/498, whose used Pss/Dirty memory usage(kb): 6037/4468.
2012-06-28 11:50:32		Tracing process name/id : com.android.phone/191, whose used Pss/Dirty memory usage(kb): 5533/3516.
2012-06-28 11:50:32		Tracing process name/id : android.process.acore/224, whose used Pss/Dirty memory usage(kb): 4598/3280.
2012-06-28 11:50:32		Tracing process name/id : com.google.android.apps.genie.geniewidget/512, whose used Pss/Dirty memory usage(kb): 4181/2692.
2012-06-28 11:50:32		Tracing process name/id : android.process.media/299, whose used Pss/Dirty memory usage(kb): 3723/2660.
2012-06-28 11:50:32		Tracing process name/id : com.noshufou.android.su/575, whose used Pss/Dirty memory usage(kb): 3444/2216.
2012-06-28 11:50:32		Tracing process name/id : com.android.browser/762, whose used Pss/Dirty memory usage(kb): 3322/2128.
2012-06-28 11:50:32		Tracing process name/id : com.google.android.gallery3d/549, whose used Pss/Dirty memory usage(kb): 3205/2096.
2012-06-28 11:50:32		Tracing process name/id : com.android.ebl.akl.service.memoryLog/701, whose used Pss/Dirty memory usage(kb): 3151/2440.
2012-06-28 11:50:32		Tracing process name/id : com.android.mms/872, whose used Pss/Dirty memory usage(kb): 2961/1760.
2012-06-28 11:50:32		Tracing process name/id : com.android.ebl.akl.service.vmCrashTestify/791, whose used Pss/Dirty memory usage(kb): 2794/1932.
2012-06-28 11:50:32		Tracing process name/id : com.android.nfc3/192, whose used Pss/Dirty memory usage(kb): 2511/1564.
2012-06-28 11:50:32		Tracing process name/id : com.android.service.test/1134, whose used Pss/Dirty memory usage(kb): 2415/1680.
2012-06-28 11:50:32		Tracing process name/id : com.google.android.apps.uploader/558, whose used Pss/Dirty memory usage(kb): 2363/1444.
2012-06-28 11:50:32		Tracing process name/id : com.android.ebl.akl.service.batteryRundown/680, whose used Pss/Dirty memory usage(kb): 2030/1332.
2012-06-28 11:50:32		Memory Information : 174MB, total used pss memory : 161 MB 310 KB, total used dirty memory : 99 MB 868 KB.
2012-06-28 11:50:35		Tracing process name/id : system/109, whose used Pss/Dirty memory usage(kb): 39475/23112.
2012-06-28 11:50:35		Tracing process name/id : com.android.launcher/193, whose used Pss/Dirty memory usage(kb): 29694/15336.
2012-06-28 11:50:35		Tracing process name/id : com.android.systemui/173, whose used Pss/Dirty memory usage(kb): 10585/7000.
2012-06-28 11:50:35		Tracing process name/id : com.android.vending/523, whose used Pss/Dirty memory usage(kb): 7656/4592.
2012-06-28 11:50:35		Tracing process name/id : com.google.process.gapps/232, whose used Pss/Dirty memory usage(kb): 7267/4816.
2012-06-28 11:50:35		Tracing process name/id : com.google.android.inputmethod.latin/181, whose used Pss/Dirty memory usage(kb): 6681/5132.
2012-06-28 11:50:35		Tracing process name/id : com.google.android.apps.maps/1558, whose used Pss/Dirty memory usage(kb): 6620/3572.
2012-06-28 11:50:35		Tracing process name/id : com.google.android.googlequicksearchbox/498, whose used Pss/Dirty memory usage(kb): 6077/4504.
2012-06-28 11:50:35		Tracing process name/id : com.android.phone/191, whose used Pss/Dirty memory usage(kb): 5530/3516.
2012-06-28 11:50:35		Tracing process name/id : android.process.acore/224, whose used Pss/Dirty memory usage(kb): 4598/3280.
2012-06-28 11:50:35		Tracing process name/id : com.google.android.apps.genie.geniewidget/512, whose used Pss/Dirty memory usage(kb): 4181/2692.
2012-06-28 11:50:35		Tracing process name/id : android.process.media/299, whose used Pss/Dirty memory usage(kb): 3723/2660.
2012-06-28 11:50:35		Tracing process name/id : com.noshufou.android.su/575, whose used Pss/Dirty memory usage(kb): 3444/2216.
2012-06-28 11:50:35		Tracing process name/id : com.android.ebl.akl.service.memoryLog/701, whose used Pss/Dirty memory usage(kb): 3331/2620.
2012-06-28 11:50:35		Tracing process name/id : com.android.browser/762, whose used Pss/Dirty memory usage(kb): 3324/2128.
2012-06-28 11:50:35		Tracing process name/id : com.google.android.gallery3d/549, whose used Pss/Dirty memory usage(kb): 3205/2096.
2012-06-28 11:50:35		Tracing process name/id : com.android.mms/872, whose used Pss/Dirty memory usage(kb): 2967/1764.
2012-06-28 11:50:35		Tracing process name/id : com.android.ebl.akl.service.vmCrashTestify/791, whose used Pss/Dirty memory usage(kb): 2822/1960.
2012-06-28 11:50:35		Tracing process name/id : com.android.nfc3/192, whose used Pss/Dirty memory usage(kb): 2511/1564.
2012-06-28 11:50:35		Tracing process name/id : com.android.service.test/1134, whose used Pss/Dirty memory usage(kb): 2415/1680.
2012-06-28 11:50:35		Tracing process name/id : com.google.android.apps.uploader/558, whose used Pss/Dirty memory usage(kb): 2363/1444.
2012-06-28 11:50:35		Tracing process name/id : com.android.ebl.akl.service.batteryRundown/680, whose used Pss/Dirty memory usage(kb): 2030/1332.
2012-06-28 11:50:35		Memory Information : 179MB, total used pss memory : 156 MB 755 KB, total used dirty memory : 96 MB 712 KB.
2012-06-28 11:50:38		Tracing process name/id : system/109, whose used Pss/Dirty memory usage(kb): 39347/22984.
2012-06-28 11:50:38		Tracing process name/id : com.android.launcher/193, whose used Pss/Dirty memory usage(kb): 29694/15336.
2012-06-28 11:50:38		Tracing process name/id : com.android.systemui/173, whose used Pss/Dirty memory usage(kb): 10585/7000.
2012-06-28 11:50:38		Tracing process name/id : com.android.vending/523, whose used Pss/Dirty memory usage(kb): 7656/4592.
2012-06-28 11:50:38		Tracing process name/id : com.google.process.gapps/232, whose used Pss/Dirty memory usage(kb): 7267/4816.
2012-06-28 11:50:38		Tracing process name/id : com.google.android.inputmethod.latin/181, whose used Pss/Dirty memory usage(kb): 6681/5132.
2012-06-28 11:50:38		Tracing process name/id : com.google.android.apps.maps/1558, whose used Pss/Dirty memory usage(kb): 6620/3572.
2012-06-28 11:50:38		Tracing process name/id : com.google.android.googlequicksearchbox/498, whose used Pss/Dirty memory usage(kb): 6077/4504.
2012-06-28 11:50:38		Tracing process name/id : com.android.phone/191, whose used Pss/Dirty memory usage(kb): 5530/3516.
2012-06-28 11:50:38		Tracing process name/id : android.process.acore/224, whose used Pss/Dirty memory usage(kb): 4598/3280.
2012-06-28 11:50:38		Tracing process name/id : com.google.android.apps.genie.geniewidget/512, whose used Pss/Dirty memory usage(kb): 4181/2692.
2012-06-28 11:50:38		Tracing process name/id : android.process.media/299, whose used Pss/Dirty memory usage(kb): 3723/2660.
2012-06-28 11:50:38		Tracing process name/id : com.noshufou.android.su/575, whose used Pss/Dirty memory usage(kb): 3444/2216.
2012-06-28 11:50:38		Tracing process name/id : com.android.browser/762, whose used Pss/Dirty memory usage(kb): 3324/2128.
2012-06-28 11:50:38		Tracing process name/id : com.android.ebl.akl.service.memoryLog/701, whose used Pss/Dirty memory usage(kb): 3215/2504.
2012-06-28 11:50:38		Tracing process name/id : com.google.android.gallery3d/549, whose used Pss/Dirty memory usage(kb): 3205/2096.
2012-06-28 11:50:38		Tracing process name/id : com.android.mms/872, whose used Pss/Dirty memory usage(kb): 2967/1764.
2012-06-28 11:50:38		Tracing process name/id : com.android.ebl.akl.service.vmCrashTestify/791, whose used Pss/Dirty memory usage(kb): 2822/1960.
2012-06-28 11:50:38		Tracing process name/id : com.android.nfc3/192, whose used Pss/Dirty memory usage(kb): 2511/1564.
2012-06-28 11:50:38		Tracing process name/id : com.android.service.test/1134, whose used Pss/Dirty memory usage(kb): 2415/1680.
2012-06-28 11:50:38		Tracing process name/id : com.google.android.apps.uploader/558, whose used Pss/Dirty memory usage(kb): 2363/1444.
2012-06-28 11:50:38		Tracing process name/id : com.android.ebl.akl.service.batteryRundown/680, whose used Pss/Dirty memory usage(kb): 2030/1332.
2012-06-28 11:50:38		Memory Information : 179MB, total used pss memory : 156 MB 511 KB, total used dirty memory : 96 MB 468 KB.
2012-06-28 11:50:42		Tracing process name/id : system/109, whose used Pss/Dirty memory usage(kb): 40091/22984.
2012-06-28 11:50:42		Tracing process name/id : com.android.launcher/193, whose used Pss/Dirty memory usage(kb): 30444/15336.
2012-06-28 11:50:42		Tracing process name/id : com.android.systemui/173, whose used Pss/Dirty memory usage(kb): 10585/7000.
2012-06-28 11:50:42		Tracing process name/id : com.android.vending/523, whose used Pss/Dirty memory usage(kb): 7656/4592.
2012-06-28 11:50:42		Tracing process name/id : com.google.process.gapps/232, whose used Pss/Dirty memory usage(kb): 7267/4816.
2012-06-28 11:50:42		Tracing process name/id : com.google.android.inputmethod.latin/181, whose used Pss/Dirty memory usage(kb): 6681/5132.
2012-06-28 11:50:42		Tracing process name/id : com.google.android.apps.maps/1558, whose used Pss/Dirty memory usage(kb): 6620/3572.
2012-06-28 11:50:42		Tracing process name/id : com.google.android.googlequicksearchbox/498, whose used Pss/Dirty memory usage(kb): 6061/4496.
2012-06-28 11:50:42		Tracing process name/id : com.android.phone/191, whose used Pss/Dirty memory usage(kb): 5534/3516.
2012-06-28 11:50:42		Tracing process name/id : android.process.acore/224, whose used Pss/Dirty memory usage(kb): 4598/3280.
2012-06-28 11:50:42		Tracing process name/id : com.google.android.apps.genie.geniewidget/512, whose used Pss/Dirty memory usage(kb): 4181/2692.
2012-06-28 11:50:42		Tracing process name/id : android.process.media/299, whose used Pss/Dirty memory usage(kb): 3723/2660.
2012-06-28 11:50:42		Tracing process name/id : com.noshufou.android.su/575, whose used Pss/Dirty memory usage(kb): 3444/2216.
2012-06-28 11:50:42		Tracing process name/id : com.android.ebl.akl.service.memoryLog/701, whose used Pss/Dirty memory usage(kb): 3327/2616.
2012-06-28 11:50:42		Tracing process name/id : com.android.browser/762, whose used Pss/Dirty memory usage(kb): 3316/2128.
2012-06-28 11:50:42		Tracing process name/id : com.google.android.gallery3d/549, whose used Pss/Dirty memory usage(kb): 3205/2096.
2012-06-28 11:50:42		Tracing process name/id : com.android.mms/872, whose used Pss/Dirty memory usage(kb): 2967/1764.
2012-06-28 11:50:42		Tracing process name/id : com.android.ebl.akl.service.vmCrashTestify/791, whose used Pss/Dirty memory usage(kb): 2822/1960.
2012-06-28 11:50:42		Tracing process name/id : com.android.nfc3/192, whose used Pss/Dirty memory usage(kb): 2511/1564.
2012-06-28 11:50:42		Tracing process name/id : com.android.service.test/1134, whose used Pss/Dirty memory usage(kb): 2415/1680.
2012-06-28 11:50:42		Tracing process name/id : com.google.android.apps.uploader/558, whose used Pss/Dirty memory usage(kb): 2363/1444.
2012-06-28 11:50:42		Tracing process name/id : com.android.ebl.akl.service.batteryRundown/680, whose used Pss/Dirty memory usage(kb): 2030/1332.
2012-06-28 11:50:42		Memory Information : 177MB, total used pss memory : 158 MB 49 KB, total used dirty memory : 96 MB 572 KB.
2012-06-28 11:50:45		Tracing process name/id : system/109, whose used Pss/Dirty memory usage(kb): 40541/23428.
2012-06-28 11:50:45		Tracing process name/id : com.android.launcher/193, whose used Pss/Dirty memory usage(kb): 30444/15396.
2012-06-28 11:50:45		Tracing process name/id : com.android.systemui/173, whose used Pss/Dirty memory usage(kb): 10585/7000.
2012-06-28 11:50:45		Tracing process name/id : com.android.vending/523, whose used Pss/Dirty memory usage(kb): 7656/4592.
2012-06-28 11:50:45		Tracing process name/id : com.google.process.gapps/232, whose used Pss/Dirty memory usage(kb): 7267/4816.
2012-06-28 11:50:45		Tracing process name/id : com.google.android.inputmethod.latin/181, whose used Pss/Dirty memory usage(kb): 6681/5132.
2012-06-28 11:50:45		Tracing process name/id : com.google.android.apps.maps/1558, whose used Pss/Dirty memory usage(kb): 6620/3572.
2012-06-28 11:50:45		Tracing process name/id : com.google.android.googlequicksearchbox/498, whose used Pss/Dirty memory usage(kb): 6061/4496.
2012-06-28 11:50:45		Tracing process name/id : com.android.phone/191, whose used Pss/Dirty memory usage(kb): 5534/3520.
2012-06-28 11:50:45		Tracing process name/id : android.process.acore/224, whose used Pss/Dirty memory usage(kb): 4598/3280.
2012-06-28 11:50:45		Tracing process name/id : com.google.android.apps.genie.geniewidget/512, whose used Pss/Dirty memory usage(kb): 4181/2692.
2012-06-28 11:50:45		Tracing process name/id : android.process.media/299, whose used Pss/Dirty memory usage(kb): 3723/2660.
2012-06-28 11:50:45		Tracing process name/id : com.noshufou.android.su/575, whose used Pss/Dirty memory usage(kb): 3444/2216.
2012-06-28 11:50:45		Tracing process name/id : com.android.browser/762, whose used Pss/Dirty memory usage(kb): 3304/2116.
2012-06-28 11:50:45		Tracing process name/id : com.android.ebl.akl.service.memoryLog/701, whose used Pss/Dirty memory usage(kb): 3231/2520.
2012-06-28 11:50:45		Tracing process name/id : com.google.android.gallery3d/549, whose used Pss/Dirty memory usage(kb): 3205/2096.
2012-06-28 11:50:45		Tracing process name/id : com.android.mms/872, whose used Pss/Dirty memory usage(kb): 2967/1764.
2012-06-28 11:50:45		Tracing process name/id : com.android.ebl.akl.service.vmCrashTestify/791, whose used Pss/Dirty memory usage(kb): 2822/1960.
2012-06-28 11:50:45		Tracing process name/id : com.android.nfc3/192, whose used Pss/Dirty memory usage(kb): 2511/1564.
2012-06-28 11:50:45		Tracing process name/id : com.android.service.test/1134, whose used Pss/Dirty memory usage(kb): 2415/1680.
2012-06-28 11:50:45		Tracing process name/id : com.google.android.apps.uploader/558, whose used Pss/Dirty memory usage(kb): 2363/1444.
2012-06-28 11:50:45		Tracing process name/id : com.android.ebl.akl.service.batteryRundown/680, whose used Pss/Dirty memory usage(kb): 2030/1332.
2012-06-28 11:50:45		Memory Information : 177MB, total used pss memory : 158 MB 391 KB, total used dirty memory : 96 MB 972 KB.
2012-06-28 11:50:48		Tracing process name/id : system/109, whose used Pss/Dirty memory usage(kb): 41009/23896.
2012-06-28 11:50:48		Tracing process name/id : com.android.launcher/193, whose used Pss/Dirty memory usage(kb): 30444/15396.
2012-06-28 11:50:48		Tracing process name/id : com.android.systemui/173, whose used Pss/Dirty memory usage(kb): 10589/7004.
2012-06-28 11:50:48		Tracing process name/id : com.android.vending/523, whose used Pss/Dirty memory usage(kb): 7656/4592.
2012-06-28 11:50:48		Tracing process name/id : com.google.process.gapps/232, whose used Pss/Dirty memory usage(kb): 7267/4816.
2012-06-28 11:50:48		Tracing process name/id : com.google.android.inputmethod.latin/181, whose used Pss/Dirty memory usage(kb): 6681/5132.
2012-06-28 11:50:48		Tracing process name/id : com.google.android.apps.maps/1558, whose used Pss/Dirty memory usage(kb): 6620/3572.
2012-06-28 11:50:48		Tracing process name/id : com.google.android.googlequicksearchbox/498, whose used Pss/Dirty memory usage(kb): 6061/4496.
2012-06-28 11:50:48		Tracing process name/id : com.android.phone/191, whose used Pss/Dirty memory usage(kb): 5552/3532.
2012-06-28 11:50:48		Tracing process name/id : android.process.acore/224, whose used Pss/Dirty memory usage(kb): 4598/3280.
2012-06-28 11:50:48		Tracing process name/id : com.google.android.apps.genie.geniewidget/512, whose used Pss/Dirty memory usage(kb): 4181/2692.
2012-06-28 11:50:48		Tracing process name/id : android.process.media/299, whose used Pss/Dirty memory usage(kb): 3723/2660.
2012-06-28 11:50:48		Tracing process name/id : com.noshufou.android.su/575, whose used Pss/Dirty memory usage(kb): 3444/2216.
2012-06-28 11:50:48		Tracing process name/id : com.android.ebl.akl.service.memoryLog/701, whose used Pss/Dirty memory usage(kb): 3337/2624.
2012-06-28 11:50:48		Tracing process name/id : com.android.browser/762, whose used Pss/Dirty memory usage(kb): 3304/2116.
2012-06-28 11:50:48		Tracing process name/id : com.google.android.gallery3d/549, whose used Pss/Dirty memory usage(kb): 3205/2096.
2012-06-28 11:50:48		Tracing process name/id : com.android.mms/872, whose used Pss/Dirty memory usage(kb): 2967/1764.
2012-06-28 11:50:48		Tracing process name/id : com.android.ebl.akl.service.vmCrashTestify/791, whose used Pss/Dirty memory usage(kb): 2822/1960.
2012-06-28 11:50:48		Tracing process name/id : com.android.nfc3/192, whose used Pss/Dirty memory usage(kb): 2511/1564.
2012-06-28 11:50:48		Tracing process name/id : com.android.service.test/1134, whose used Pss/Dirty memory usage(kb): 2415/1680.
2012-06-28 11:50:48		Tracing process name/id : com.google.android.apps.uploader/558, whose used Pss/Dirty memory usage(kb): 2363/1444.
2012-06-28 11:50:48		Tracing process name/id : com.android.ebl.akl.service.batteryRundown/680, whose used Pss/Dirty memory usage(kb): 2030/1332.
2012-06-28 11:50:48		Memory Information : 176MB, total used pss memory : 158 MB 987 KB, total used dirty memory : 97 MB 536 KB.
2012-06-28 11:50:52		Tracing process name/id : system/109, whose used Pss/Dirty memory usage(kb): 40585/23468.
2012-06-28 11:50:52		Tracing process name/id : com.android.launcher/193, whose used Pss/Dirty memory usage(kb): 30444/15396.
2012-06-28 11:50:52		Tracing process name/id : com.android.systemui/173, whose used Pss/Dirty memory usage(kb): 10589/7004.
2012-06-28 11:50:52		Tracing process name/id : com.android.vending/523, whose used Pss/Dirty memory usage(kb): 7655/4592.
2012-06-28 11:50:52		Tracing process name/id : com.google.process.gapps/232, whose used Pss/Dirty memory usage(kb): 7291/4840.
2012-06-28 11:50:52		Tracing process name/id : com.google.android.inputmethod.latin/181, whose used Pss/Dirty memory usage(kb): 6681/5132.
2012-06-28 11:50:52		Tracing process name/id : com.google.android.apps.maps/1558, whose used Pss/Dirty memory usage(kb): 6620/3572.
2012-06-28 11:50:52		Tracing process name/id : com.google.android.googlequicksearchbox/498, whose used Pss/Dirty memory usage(kb): 6061/4496.
2012-06-28 11:50:52		Tracing process name/id : com.android.phone/191, whose used Pss/Dirty memory usage(kb): 5550/3536.
2012-06-28 11:50:52		Tracing process name/id : android.process.acore/224, whose used Pss/Dirty memory usage(kb): 4598/3280.
2012-06-28 11:50:52		Tracing process name/id : com.google.android.apps.genie.geniewidget/512, whose used Pss/Dirty memory usage(kb): 4181/2692.
2012-06-28 11:50:52		Tracing process name/id : android.process.media/299, whose used Pss/Dirty memory usage(kb): 3723/2660.
2012-06-28 11:50:52		Tracing process name/id : com.noshufou.android.su/575, whose used Pss/Dirty memory usage(kb): 3444/2216.
2012-06-28 11:50:52		Tracing process name/id : com.android.browser/762, whose used Pss/Dirty memory usage(kb): 3304/2116.
2012-06-28 11:50:52		Tracing process name/id : com.android.ebl.akl.service.memoryLog/701, whose used Pss/Dirty memory usage(kb): 3249/2536.
2012-06-28 11:50:52		Tracing process name/id : com.google.android.gallery3d/549, whose used Pss/Dirty memory usage(kb): 3205/2096.
2012-06-28 11:50:52		Tracing process name/id : com.android.mms/872, whose used Pss/Dirty memory usage(kb): 2967/1764.
2012-06-28 11:50:52		Tracing process name/id : com.android.ebl.akl.service.vmCrashTestify/791, whose used Pss/Dirty memory usage(kb): 2822/1960.
2012-06-28 11:50:52		Tracing process name/id : com.android.nfc3/192, whose used Pss/Dirty memory usage(kb): 2511/1564.
2012-06-28 11:50:52		Tracing process name/id : com.android.service.test/1134, whose used Pss/Dirty memory usage(kb): 2427/1692.
2012-06-28 11:50:52		Tracing process name/id : com.google.android.apps.uploader/558, whose used Pss/Dirty memory usage(kb): 2363/1444.
2012-06-28 11:50:52		Tracing process name/id : com.android.ebl.akl.service.batteryRundown/680, whose used Pss/Dirty memory usage(kb): 2030/1332.
2012-06-28 11:50:52		Memory Information : 174MB, total used pss memory : 158 MB 508 KB, total used dirty memory : 97 MB 60 KB.
2012-06-28 11:50:55		Tracing process name/id : system/109, whose used Pss/Dirty memory usage(kb): 39835/23468.
2012-06-28 11:50:55		Tracing process name/id : com.android.launcher/193, whose used Pss/Dirty memory usage(kb): 29698/15352.
2012-06-28 11:50:55		Tracing process name/id : com.android.systemui/173, whose used Pss/Dirty memory usage(kb): 10589/7004.
2012-06-28 11:50:55		Tracing process name/id : com.android.vending/523, whose used Pss/Dirty memory usage(kb): 7656/4592.
2012-06-28 11:50:55		Tracing process name/id : com.google.process.gapps/232, whose used Pss/Dirty memory usage(kb): 7295/4844.
2012-06-28 11:50:55		Tracing process name/id : com.google.android.inputmethod.latin/181, whose used Pss/Dirty memory usage(kb): 7265/5716.
2012-06-28 11:50:55		Tracing process name/id : com.google.android.apps.maps/1558, whose used Pss/Dirty memory usage(kb): 6620/3572.
2012-06-28 11:50:55		Tracing process name/id : com.google.android.googlequicksearchbox/498, whose used Pss/Dirty memory usage(kb): 6109/4540.
2012-06-28 11:50:55		Tracing process name/id : com.android.phone/191, whose used Pss/Dirty memory usage(kb): 5550/3536.
2012-06-28 11:50:55		Tracing process name/id : android.process.acore/224, whose used Pss/Dirty memory usage(kb): 4598/3280.
2012-06-28 11:50:55		Tracing process name/id : com.google.android.apps.genie.geniewidget/512, whose used Pss/Dirty memory usage(kb): 4181/2692.
2012-06-28 11:50:55		Tracing process name/id : android.process.media/299, whose used Pss/Dirty memory usage(kb): 3723/2660.
2012-06-28 11:50:55		Tracing process name/id : com.noshufou.android.su/575, whose used Pss/Dirty memory usage(kb): 3444/2216.
2012-06-28 11:50:55		Tracing process name/id : com.android.ebl.akl.service.memoryLog/701, whose used Pss/Dirty memory usage(kb): 3329/2616.
2012-06-28 11:50:55		Tracing process name/id : com.android.browser/762, whose used Pss/Dirty memory usage(kb): 3306/2116.
2012-06-28 11:50:55		Tracing process name/id : com.google.android.gallery3d/549, whose used Pss/Dirty memory usage(kb): 3205/2096.
2012-06-28 11:50:55		Tracing process name/id : com.android.mms/872, whose used Pss/Dirty memory usage(kb): 2977/1772.
2012-06-28 11:50:55		Tracing process name/id : com.android.ebl.akl.service.vmCrashTestify/791, whose used Pss/Dirty memory usage(kb): 2850/1988.
2012-06-28 11:50:55		Tracing process name/id : com.android.nfc3/192, whose used Pss/Dirty memory usage(kb): 2511/1564.
2012-06-28 11:50:55		Tracing process name/id : com.android.service.test/1134, whose used Pss/Dirty memory usage(kb): 2427/1692.
2012-06-28 11:50:55		Tracing process name/id : com.google.android.apps.uploader/558, whose used Pss/Dirty memory usage(kb): 2363/1444.
2012-06-28 11:50:55		Tracing process name/id : com.android.ebl.akl.service.batteryRundown/680, whose used Pss/Dirty memory usage(kb): 2030/1332.
2012-06-28 11:50:55		Memory Information : 178MB, total used pss memory : 157 MB 793 KB, total used dirty memory : 97 MB 764 KB.
2012-06-28 11:50:58		Tracing process name/id : system/109, whose used Pss/Dirty memory usage(kb): 39829/23468.
2012-06-28 11:50:58		Tracing process name/id : com.android.launcher/193, whose used Pss/Dirty memory usage(kb): 29698/15352.
2012-06-28 11:50:58		Tracing process name/id : com.android.systemui/173, whose used Pss/Dirty memory usage(kb): 10589/7004.
2012-06-28 11:50:58		Tracing process name/id : com.android.vending/523, whose used Pss/Dirty memory usage(kb): 7656/4592.
2012-06-28 11:50:58		Tracing process name/id : com.google.process.gapps/232, whose used Pss/Dirty memory usage(kb): 7295/4844.
2012-06-28 11:50:58		Tracing process name/id : com.google.android.inputmethod.latin/181, whose used Pss/Dirty memory usage(kb): 7265/5716.
2012-06-28 11:50:58		Tracing process name/id : com.google.android.apps.maps/1558, whose used Pss/Dirty memory usage(kb): 6620/3572.
2012-06-28 11:50:58		Tracing process name/id : com.google.android.googlequicksearchbox/498, whose used Pss/Dirty memory usage(kb): 6109/4540.
2012-06-28 11:50:58		Tracing process name/id : com.android.phone/191, whose used Pss/Dirty memory usage(kb): 5553/3536.
2012-06-28 11:50:58		Tracing process name/id : android.process.acore/224, whose used Pss/Dirty memory usage(kb): 4598/3280.
2012-06-28 11:50:58		Tracing process name/id : com.google.android.apps.genie.geniewidget/512, whose used Pss/Dirty memory usage(kb): 4181/2692.
2012-06-28 11:50:58		Tracing process name/id : android.process.media/299, whose used Pss/Dirty memory usage(kb): 3723/2660.
2012-06-28 11:50:58		Tracing process name/id : com.noshufou.android.su/575, whose used Pss/Dirty memory usage(kb): 3444/2216.
2012-06-28 11:50:58		Tracing process name/id : com.android.browser/762, whose used Pss/Dirty memory usage(kb): 3306/2116.
2012-06-28 11:50:58		Tracing process name/id : com.android.ebl.akl.service.memoryLog/701, whose used Pss/Dirty memory usage(kb): 3257/2544.
2012-06-28 11:50:58		Tracing process name/id : com.google.android.gallery3d/549, whose used Pss/Dirty memory usage(kb): 3205/2096.
2012-06-28 11:50:58		Tracing process name/id : com.android.mms/872, whose used Pss/Dirty memory usage(kb): 2977/1772.
2012-06-28 11:50:58		Tracing process name/id : com.android.ebl.akl.service.vmCrashTestify/791, whose used Pss/Dirty memory usage(kb): 2850/1988.
2012-06-28 11:50:58		Tracing process name/id : com.android.nfc3/192, whose used Pss/Dirty memory usage(kb): 2511/1564.
2012-06-28 11:50:58		Tracing process name/id : com.android.service.test/1134, whose used Pss/Dirty memory usage(kb): 2427/1692.
2012-06-28 11:50:58		Tracing process name/id : com.google.android.apps.uploader/558, whose used Pss/Dirty memory usage(kb): 2363/1444.
2012-06-28 11:50:58		Tracing process name/id : com.android.ebl.akl.service.batteryRundown/680, whose used Pss/Dirty memory usage(kb): 2030/1332.
2012-06-28 11:50:58		Memory Information : 178MB, total used pss memory : 157 MB 718 KB, total used dirty memory : 97 MB 692 KB.
2012-06-28 11:51:01		Tracing process name/id : system/109, whose used Pss/Dirty memory usage(kb): 40579/23468.
2012-06-28 11:51:01		Tracing process name/id : com.android.launcher/193, whose used Pss/Dirty memory usage(kb): 30448/15408.
2012-06-28 11:51:01		Tracing process name/id : com.android.systemui/173, whose used Pss/Dirty memory usage(kb): 10589/7004.
2012-06-28 11:51:01		Tracing process name/id : com.android.vending/523, whose used Pss/Dirty memory usage(kb): 7656/4592.
2012-06-28 11:51:01		Tracing process name/id : com.google.process.gapps/232, whose used Pss/Dirty memory usage(kb): 7295/4844.
2012-06-28 11:51:01		Tracing process name/id : com.google.android.inputmethod.latin/181, whose used Pss/Dirty memory usage(kb): 7265/5716.
2012-06-28 11:51:01		Tracing process name/id : com.google.android.apps.maps/1558, whose used Pss/Dirty memory usage(kb): 6620/3572.
2012-06-28 11:51:01		Tracing process name/id : com.google.android.googlequicksearchbox/498, whose used Pss/Dirty memory usage(kb): 6101/4532.
2012-06-28 11:51:01		Tracing process name/id : com.android.phone/191, whose used Pss/Dirty memory usage(kb): 5550/3536.
2012-06-28 11:51:01		Tracing process name/id : android.process.acore/224, whose used Pss/Dirty memory usage(kb): 4598/3280.
2012-06-28 11:51:01		Tracing process name/id : com.google.android.apps.genie.geniewidget/512, whose used Pss/Dirty memory usage(kb): 4181/2692.
2012-06-28 11:51:01		Tracing process name/id : android.process.media/299, whose used Pss/Dirty memory usage(kb): 3723/2660.
2012-06-28 11:51:01		Tracing process name/id : com.noshufou.android.su/575, whose used Pss/Dirty memory usage(kb): 3444/2216.
2012-06-28 11:51:01		Tracing process name/id : com.android.browser/762, whose used Pss/Dirty memory usage(kb): 3306/2116.
2012-06-28 11:51:01		Tracing process name/id : com.android.ebl.akl.service.memoryLog/701, whose used Pss/Dirty memory usage(kb): 3257/2544.
2012-06-28 11:51:01		Tracing process name/id : com.google.android.gallery3d/549, whose used Pss/Dirty memory usage(kb): 3205/2096.
2012-06-28 11:51:01		Tracing process name/id : com.android.mms/872, whose used Pss/Dirty memory usage(kb): 2977/1772.
2012-06-28 11:51:01		Tracing process name/id : com.android.ebl.akl.service.vmCrashTestify/791, whose used Pss/Dirty memory usage(kb): 2850/1988.
2012-06-28 11:51:01		Tracing process name/id : com.android.nfc3/192, whose used Pss/Dirty memory usage(kb): 2511/1564.
2012-06-28 11:51:01		Tracing process name/id : com.android.service.test/1134, whose used Pss/Dirty memory usage(kb): 2427/1692.
2012-06-28 11:51:01		Tracing process name/id : com.google.android.apps.uploader/558, whose used Pss/Dirty memory usage(kb): 2363/1444.
2012-06-28 11:51:01		Tracing process name/id : com.android.ebl.akl.service.batteryRundown/680, whose used Pss/Dirty memory usage(kb): 2030/1332.
2012-06-28 11:51:01		Memory Information : 176MB, total used pss memory : 159 MB 159 KB, total used dirty memory : 97 MB 740 KB.
2012-06-28 11:51:05		Tracing process name/id : system/109, whose used Pss/Dirty memory usage(kb): 41449/24332.
2012-06-28 11:51:05		Tracing process name/id : com.android.launcher/193, whose used Pss/Dirty memory usage(kb): 30448/15412.
2012-06-28 11:51:05		Tracing process name/id : com.android.systemui/173, whose used Pss/Dirty memory usage(kb): 10593/7008.
2012-06-28 11:51:05		Tracing process name/id : com.android.vending/523, whose used Pss/Dirty memory usage(kb): 7656/4592.
2012-06-28 11:51:05		Tracing process name/id : com.google.process.gapps/232, whose used Pss/Dirty memory usage(kb): 7295/4844.
2012-06-28 11:51:05		Tracing process name/id : com.google.android.inputmethod.latin/181, whose used Pss/Dirty memory usage(kb): 7265/5716.
2012-06-28 11:51:05		Tracing process name/id : com.google.android.apps.maps/1558, whose used Pss/Dirty memory usage(kb): 6620/3572.
2012-06-28 11:51:05		Tracing process name/id : com.google.android.googlequicksearchbox/498, whose used Pss/Dirty memory usage(kb): 6101/4532.
2012-06-28 11:51:05		Tracing process name/id : com.android.phone/191, whose used Pss/Dirty memory usage(kb): 5554/3540.
2012-06-28 11:51:05		Tracing process name/id : android.process.acore/224, whose used Pss/Dirty memory usage(kb): 4598/3280.
2012-06-28 11:51:05		Tracing process name/id : com.google.android.apps.genie.geniewidget/512, whose used Pss/Dirty memory usage(kb): 4181/2692.
2012-06-28 11:51:05		Tracing process name/id : android.process.media/299, whose used Pss/Dirty memory usage(kb): 3723/2660.
2012-06-28 11:51:05		Tracing process name/id : com.noshufou.android.su/575, whose used Pss/Dirty memory usage(kb): 3444/2216.
2012-06-28 11:51:05		Tracing process name/id : com.android.ebl.akl.service.memoryLog/701, whose used Pss/Dirty memory usage(kb): 3329/2616.
2012-06-28 11:51:05		Tracing process name/id : com.android.browser/762, whose used Pss/Dirty memory usage(kb): 3306/2116.
2012-06-28 11:51:05		Tracing process name/id : com.google.android.gallery3d/549, whose used Pss/Dirty memory usage(kb): 3205/2096.
2012-06-28 11:51:05		Tracing process name/id : com.android.mms/872, whose used Pss/Dirty memory usage(kb): 2977/1772.
2012-06-28 11:51:05		Tracing process name/id : com.android.ebl.akl.service.vmCrashTestify/791, whose used Pss/Dirty memory usage(kb): 2850/1988.
2012-06-28 11:51:05		Tracing process name/id : com.android.nfc3/192, whose used Pss/Dirty memory usage(kb): 2511/1564.
2012-06-28 11:51:05		Tracing process name/id : com.android.service.test/1134, whose used Pss/Dirty memory usage(kb): 2427/1692.
2012-06-28 11:51:05		Tracing process name/id : com.google.android.apps.uploader/558, whose used Pss/Dirty memory usage(kb): 2363/1444.
2012-06-28 11:51:05		Tracing process name/id : com.android.ebl.akl.service.batteryRundown/680, whose used Pss/Dirty memory usage(kb): 2030/1332.
2012-06-28 11:51:05		Memory Information : 175MB, total used pss memory : 160 MB 85 KB, total used dirty memory : 98 MB 664 KB.
2012-06-28 11:51:08		Tracing process name/id : system/109, whose used Pss/Dirty memory usage(kb): 44319/24416.
2012-06-28 11:51:08		Tracing process name/id : com.android.launcher/193, whose used Pss/Dirty memory usage(kb): 30448/15412.
2012-06-28 11:51:08		Tracing process name/id : com.android.systemui/173, whose used Pss/Dirty memory usage(kb): 10593/7008.
2012-06-28 11:51:08		Tracing process name/id : com.android.vending/523, whose used Pss/Dirty memory usage(kb): 7656/4592.
2012-06-28 11:51:08		Tracing process name/id : com.google.process.gapps/232, whose used Pss/Dirty memory usage(kb): 7295/4844.
2012-06-28 11:51:08		Tracing process name/id : com.google.android.inputmethod.latin/181, whose used Pss/Dirty memory usage(kb): 7265/5716.
2012-06-28 11:51:08		Tracing process name/id : com.google.android.apps.maps/1558, whose used Pss/Dirty memory usage(kb): 6620/3572.
2012-06-28 11:51:08		Tracing process name/id : com.google.android.googlequicksearchbox/498, whose used Pss/Dirty memory usage(kb): 6101/4532.
2012-06-28 11:51:08		Tracing process name/id : com.android.phone/191, whose used Pss/Dirty memory usage(kb): 5569/3552.
2012-06-28 11:51:08		Tracing process name/id : android.process.acore/224, whose used Pss/Dirty memory usage(kb): 4598/3280.
2012-06-28 11:51:08		Tracing process name/id : com.google.android.apps.genie.geniewidget/512, whose used Pss/Dirty memory usage(kb): 4181/2692.
2012-06-28 11:51:08		Tracing process name/id : android.process.media/299, whose used Pss/Dirty memory usage(kb): 3723/2660.
2012-06-28 11:51:08		Tracing process name/id : com.noshufou.android.su/575, whose used Pss/Dirty memory usage(kb): 3444/2216.
2012-06-28 11:51:08		Tracing process name/id : com.android.browser/762, whose used Pss/Dirty memory usage(kb): 3306/2116.
2012-06-28 11:51:08		Tracing process name/id : com.google.android.gallery3d/549, whose used Pss/Dirty memory usage(kb): 3205/2096.
2012-06-28 11:51:08		Tracing process name/id : com.android.ebl.akl.service.memoryLog/701, whose used Pss/Dirty memory usage(kb): 3153/2440.
2012-06-28 11:51:08		Tracing process name/id : com.android.mms/872, whose used Pss/Dirty memory usage(kb): 2977/1772.
2012-06-28 11:51:08		Tracing process name/id : com.android.ebl.akl.service.vmCrashTestify/791, whose used Pss/Dirty memory usage(kb): 2850/1988.
2012-06-28 11:51:08		Tracing process name/id : com.android.nfc3/192, whose used Pss/Dirty memory usage(kb): 2511/1564.
2012-06-28 11:51:08		Tracing process name/id : com.android.service.test/1134, whose used Pss/Dirty memory usage(kb): 2435/1700.
2012-06-28 11:51:08		Tracing process name/id : com.google.android.apps.uploader/558, whose used Pss/Dirty memory usage(kb): 2363/1444.
2012-06-28 11:51:08		Tracing process name/id : com.android.ebl.akl.service.batteryRundown/680, whose used Pss/Dirty memory usage(kb): 2038/1340.
2012-06-28 11:51:08		Memory Information : 173MB, total used pss memory : 162 MB 762 KB, total used dirty memory : 98 MB 600 KB.
2012-06-28 11:51:12		Tracing process name/id : system/109, whose used Pss/Dirty memory usage(kb): 39407/23104.
2012-06-28 11:51:12		Tracing process name/id : com.android.launcher/193, whose used Pss/Dirty memory usage(kb): 29674/15364.
2012-06-28 11:51:12		Tracing process name/id : com.android.systemui/173, whose used Pss/Dirty memory usage(kb): 10590/7008.
2012-06-28 11:51:12		Tracing process name/id : com.android.vending/523, whose used Pss/Dirty memory usage(kb): 7656/4592.
2012-06-28 11:51:12		Tracing process name/id : com.google.process.gapps/232, whose used Pss/Dirty memory usage(kb): 7327/4876.
2012-06-28 11:51:12		Tracing process name/id : com.google.android.inputmethod.latin/181, whose used Pss/Dirty memory usage(kb): 6673/5132.
2012-06-28 11:51:12		Tracing process name/id : com.google.android.apps.maps/1558, whose used Pss/Dirty memory usage(kb): 6620/3572.
2012-06-28 11:51:12		Tracing process name/id : com.google.android.googlequicksearchbox/498, whose used Pss/Dirty memory usage(kb): 6128/4572.
2012-06-28 11:51:12		Tracing process name/id : com.android.phone/191, whose used Pss/Dirty memory usage(kb): 5600/3560.
2012-06-28 11:51:12		Tracing process name/id : android.process.acore/224, whose used Pss/Dirty memory usage(kb): 4583/3280.
2012-06-28 11:51:12		Tracing process name/id : com.google.android.apps.genie.geniewidget/512, whose used Pss/Dirty memory usage(kb): 4181/2692.
2012-06-28 11:51:12		Tracing process name/id : android.process.media/299, whose used Pss/Dirty memory usage(kb): 3705/2660.
2012-06-28 11:51:12		Tracing process name/id : com.noshufou.android.su/575, whose used Pss/Dirty memory usage(kb): 3444/2216.
2012-06-28 11:51:12		Tracing process name/id : com.android.ebl.akl.service.memoryLog/701, whose used Pss/Dirty memory usage(kb): 3309/2600.
2012-06-28 11:51:12		Tracing process name/id : com.android.browser/762, whose used Pss/Dirty memory usage(kb): 3302/2120.
2012-06-28 11:51:12		Tracing process name/id : com.google.android.gallery3d/549, whose used Pss/Dirty memory usage(kb): 3196/2096.
2012-06-28 11:51:12		Tracing process name/id : com.android.mms/872, whose used Pss/Dirty memory usage(kb): 2966/1772.
2012-06-28 11:51:12		Tracing process name/id : com.android.ebl.akl.service.vmCrashTestify/791, whose used Pss/Dirty memory usage(kb): 2837/1988.
2012-06-28 11:51:12		Tracing process name/id : com.android.nfc3/192, whose used Pss/Dirty memory usage(kb): 2511/1564.
2012-06-28 11:51:12		Tracing process name/id : com.android.service.test/1134, whose used Pss/Dirty memory usage(kb): 2432/1708.
2012-06-28 11:51:12		Tracing process name/id : com.google.android.apps.uploader/558, whose used Pss/Dirty memory usage(kb): 2355/1444.
2012-06-28 11:51:12		Tracing process name/id : com.android.ebl.akl.service.batteryRundown/680, whose used Pss/Dirty memory usage(kb): 2029/1340.
2012-06-28 11:51:12		Memory Information : 178MB, total used pss memory : 156 MB 781 KB, total used dirty memory : 96 MB 956 KB.
2012-06-28 11:51:15		Tracing process name/id : system/109, whose used Pss/Dirty memory usage(kb): 39211/22848.
2012-06-28 11:51:15		Tracing process name/id : com.android.launcher/193, whose used Pss/Dirty memory usage(kb): 29698/15364.
2012-06-28 11:51:15		Tracing process name/id : com.android.systemui/173, whose used Pss/Dirty memory usage(kb): 10593/7008.
2012-06-28 11:51:15		Tracing process name/id : com.android.vending/523, whose used Pss/Dirty memory usage(kb): 7656/4592.
2012-06-28 11:51:15		Tracing process name/id : com.google.process.gapps/232, whose used Pss/Dirty memory usage(kb): 7327/4876.
2012-06-28 11:51:15		Tracing process name/id : com.google.android.inputmethod.latin/181, whose used Pss/Dirty memory usage(kb): 6681/5132.
2012-06-28 11:51:15		Tracing process name/id : com.google.android.apps.maps/1558, whose used Pss/Dirty memory usage(kb): 6620/3572.
2012-06-28 11:51:15		Tracing process name/id : com.google.android.googlequicksearchbox/498, whose used Pss/Dirty memory usage(kb): 6143/4572.
2012-06-28 11:51:15		Tracing process name/id : com.android.phone/191, whose used Pss/Dirty memory usage(kb): 5577/3560.
2012-06-28 11:51:15		Tracing process name/id : android.process.acore/224, whose used Pss/Dirty memory usage(kb): 4598/3280.
2012-06-28 11:51:15		Tracing process name/id : com.google.android.apps.genie.geniewidget/512, whose used Pss/Dirty memory usage(kb): 4181/2692.
2012-06-28 11:51:15		Tracing process name/id : android.process.media/299, whose used Pss/Dirty memory usage(kb): 3723/2660.
2012-06-28 11:51:15		Tracing process name/id : com.noshufou.android.su/575, whose used Pss/Dirty memory usage(kb): 3444/2216.
2012-06-28 11:51:15		Tracing process name/id : com.android.browser/762, whose used Pss/Dirty memory usage(kb): 3308/2116.
2012-06-28 11:51:15		Tracing process name/id : com.google.android.gallery3d/549, whose used Pss/Dirty memory usage(kb): 3205/2096.
2012-06-28 11:51:15		Tracing process name/id : com.android.ebl.akl.service.memoryLog/701, whose used Pss/Dirty memory usage(kb): 3181/2468.
2012-06-28 11:51:15		Tracing process name/id : com.android.mms/872, whose used Pss/Dirty memory usage(kb): 2977/1772.
2012-06-28 11:51:15		Tracing process name/id : com.android.ebl.akl.service.vmCrashTestify/791, whose used Pss/Dirty memory usage(kb): 2882/2020.
2012-06-28 11:51:15		Tracing process name/id : com.android.nfc3/192, whose used Pss/Dirty memory usage(kb): 2511/1564.
2012-06-28 11:51:15		Tracing process name/id : com.android.service.test/1134, whose used Pss/Dirty memory usage(kb): 2443/1708.
2012-06-28 11:51:15		Tracing process name/id : com.google.android.apps.uploader/558, whose used Pss/Dirty memory usage(kb): 2363/1444.
2012-06-28 11:51:15		Tracing process name/id : com.android.ebl.akl.service.batteryRundown/680, whose used Pss/Dirty memory usage(kb): 2038/1340.
2012-06-28 11:51:15		Memory Information : 179MB, total used pss memory : 156 MB 616 KB, total used dirty memory : 96 MB 596 KB.
2012-06-28 11:51:19		Tracing process name/id : system/109, whose used Pss/Dirty memory usage(kb): 39955/22848.
2012-06-28 11:51:19		Tracing process name/id : com.android.launcher/193, whose used Pss/Dirty memory usage(kb): 30448/15364.
2012-06-28 11:51:19		Tracing process name/id : com.android.systemui/173, whose used Pss/Dirty memory usage(kb): 10593/7008.
2012-06-28 11:51:19		Tracing process name/id : com.android.vending/523, whose used Pss/Dirty memory usage(kb): 7656/4592.
2012-06-28 11:51:19		Tracing process name/id : com.google.process.gapps/232, whose used Pss/Dirty memory usage(kb): 7327/4876.
2012-06-28 11:51:19		Tracing process name/id : com.google.android.inputmethod.latin/181, whose used Pss/Dirty memory usage(kb): 6681/5132.
2012-06-28 11:51:19		Tracing process name/id : com.google.android.apps.maps/1558, whose used Pss/Dirty memory usage(kb): 6620/3572.
2012-06-28 11:51:19		Tracing process name/id : com.google.android.googlequicksearchbox/498, whose used Pss/Dirty memory usage(kb): 6137/4572.
2012-06-28 11:51:19		Tracing process name/id : com.android.phone/191, whose used Pss/Dirty memory usage(kb): 5574/3560.
2012-06-28 11:51:19		Tracing process name/id : android.process.acore/224, whose used Pss/Dirty memory usage(kb): 4598/3280.
2012-06-28 11:51:19		Tracing process name/id : com.google.android.apps.genie.geniewidget/512, whose used Pss/Dirty memory usage(kb): 4181/2692.
2012-06-28 11:51:19		Tracing process name/id : android.process.media/299, whose used Pss/Dirty memory usage(kb): 3723/2660.
2012-06-28 11:51:19		Tracing process name/id : com.noshufou.android.su/575, whose used Pss/Dirty memory usage(kb): 3444/2216.
2012-06-28 11:51:19		Tracing process name/id : com.android.ebl.akl.service.memoryLog/701, whose used Pss/Dirty memory usage(kb): 3333/2620.
2012-06-28 11:51:19		Tracing process name/id : com.android.browser/762, whose used Pss/Dirty memory usage(kb): 3308/2116.
2012-06-28 11:51:19		Tracing process name/id : com.google.android.gallery3d/549, whose used Pss/Dirty memory usage(kb): 3205/2096.
2012-06-28 11:51:19		Tracing process name/id : com.android.mms/872, whose used Pss/Dirty memory usage(kb): 2971/1772.
2012-06-28 11:51:19		Tracing process name/id : com.android.ebl.akl.service.vmCrashTestify/791, whose used Pss/Dirty memory usage(kb): 2882/2020.
2012-06-28 11:51:19		Tracing process name/id : com.android.nfc3/192, whose used Pss/Dirty memory usage(kb): 2511/1564.
2012-06-28 11:51:19		Tracing process name/id : com.android.service.test/1134, whose used Pss/Dirty memory usage(kb): 2443/1708.
2012-06-28 11:51:19		Tracing process name/id : com.google.android.apps.uploader/558, whose used Pss/Dirty memory usage(kb): 2363/1444.
2012-06-28 11:51:19		Tracing process name/id : com.android.ebl.akl.service.batteryRundown/680, whose used Pss/Dirty memory usage(kb): 2038/1340.
2012-06-28 11:51:19		Memory Information : 177MB, total used pss memory : 158 MB 199 KB, total used dirty memory : 96 MB 748 KB.
2012-06-28 11:51:22		Tracing process name/id : system/109, whose used Pss/Dirty memory usage(kb): 39955/22848.
2012-06-28 11:51:22		Tracing process name/id : com.android.launcher/193, whose used Pss/Dirty memory usage(kb): 30452/15428.
2012-06-28 11:51:22		Tracing process name/id : com.android.systemui/173, whose used Pss/Dirty memory usage(kb): 10593/7008.
2012-06-28 11:51:22		Tracing process name/id : com.android.vending/523, whose used Pss/Dirty memory usage(kb): 7656/4592.
2012-06-28 11:51:22		Tracing process name/id : com.google.process.gapps/232, whose used Pss/Dirty memory usage(kb): 7327/4876.
2012-06-28 11:51:22		Tracing process name/id : com.google.android.inputmethod.latin/181, whose used Pss/Dirty memory usage(kb): 6681/5132.
2012-06-28 11:51:22		Tracing process name/id : com.google.android.apps.maps/1558, whose used Pss/Dirty memory usage(kb): 6620/3572.
2012-06-28 11:51:22		Tracing process name/id : com.google.android.googlequicksearchbox/498, whose used Pss/Dirty memory usage(kb): 6137/4572.
2012-06-28 11:51:22		Tracing process name/id : com.android.phone/191, whose used Pss/Dirty memory usage(kb): 5575/3560.
2012-06-28 11:51:22		Tracing process name/id : android.process.acore/224, whose used Pss/Dirty memory usage(kb): 4598/3280.
2012-06-28 11:51:22		Tracing process name/id : com.google.android.apps.genie.geniewidget/512, whose used Pss/Dirty memory usage(kb): 4181/2692.
2012-06-28 11:51:22		Tracing process name/id : android.process.media/299, whose used Pss/Dirty memory usage(kb): 3723/2660.
2012-06-28 11:51:22		Tracing process name/id : com.noshufou.android.su/575, whose used Pss/Dirty memory usage(kb): 3444/2216.
2012-06-28 11:51:22		Tracing process name/id : com.android.browser/762, whose used Pss/Dirty memory usage(kb): 3308/2116.
2012-06-28 11:51:22		Tracing process name/id : com.android.ebl.akl.service.memoryLog/701, whose used Pss/Dirty memory usage(kb): 3253/2540.
2012-06-28 11:51:22		Tracing process name/id : com.google.android.gallery3d/549, whose used Pss/Dirty memory usage(kb): 3205/2096.
2012-06-28 11:51:22		Tracing process name/id : com.android.mms/872, whose used Pss/Dirty memory usage(kb): 2971/1772.
2012-06-28 11:51:22		Tracing process name/id : com.android.ebl.akl.service.vmCrashTestify/791, whose used Pss/Dirty memory usage(kb): 2882/2020.
2012-06-28 11:51:22		Tracing process name/id : com.android.nfc3/192, whose used Pss/Dirty memory usage(kb): 2511/1564.
2012-06-28 11:51:22		Tracing process name/id : com.android.service.test/1134, whose used Pss/Dirty memory usage(kb): 2443/1708.
2012-06-28 11:51:22		Tracing process name/id : com.google.android.apps.uploader/558, whose used Pss/Dirty memory usage(kb): 2363/1444.
2012-06-28 11:51:22		Tracing process name/id : com.android.ebl.akl.service.batteryRundown/680, whose used Pss/Dirty memory usage(kb): 2038/1340.
2012-06-28 11:51:22		Memory Information : 177MB, total used pss memory : 158 MB 124 KB, total used dirty memory : 96 MB 732 KB.
2012-06-28 11:51:25		Tracing process name/id : system/109, whose used Pss/Dirty memory usage(kb): 40861/23748.
2012-06-28 11:51:25		Tracing process name/id : com.android.launcher/193, whose used Pss/Dirty memory usage(kb): 30452/15428.
2012-06-28 11:51:25		Tracing process name/id : com.android.systemui/173, whose used Pss/Dirty memory usage(kb): 10597/7012.
2012-06-28 11:51:25		Tracing process name/id : com.android.vending/523, whose used Pss/Dirty memory usage(kb): 7656/4592.
2012-06-28 11:51:25		Tracing process name/id : com.google.process.gapps/232, whose used Pss/Dirty memory usage(kb): 7327/4876.
2012-06-28 11:51:25		Tracing process name/id : com.google.android.inputmethod.latin/181, whose used Pss/Dirty memory usage(kb): 6681/5132.
2012-06-28 11:51:25		Tracing process name/id : com.google.android.apps.maps/1558, whose used Pss/Dirty memory usage(kb): 6620/3572.
2012-06-28 11:51:25		Tracing process name/id : com.google.android.googlequicksearchbox/498, whose used Pss/Dirty memory usage(kb): 6137/4572.
2012-06-28 11:51:25		Tracing process name/id : com.android.phone/191, whose used Pss/Dirty memory usage(kb): 5589/3572.
2012-06-28 11:51:25		Tracing process name/id : android.process.acore/224, whose used Pss/Dirty memory usage(kb): 4598/3280.
2012-06-28 11:51:25		Tracing process name/id : com.google.android.apps.genie.geniewidget/512, whose used Pss/Dirty memory usage(kb): 4181/2692.
2012-06-28 11:51:25		Tracing process name/id : android.process.media/299, whose used Pss/Dirty memory usage(kb): 3723/2660.
2012-06-28 11:51:25		Tracing process name/id : com.noshufou.android.su/575, whose used Pss/Dirty memory usage(kb): 3444/2216.
2012-06-28 11:51:25		Tracing process name/id : com.android.ebl.akl.service.memoryLog/701, whose used Pss/Dirty memory usage(kb): 3365/2652.
2012-06-28 11:51:25		Tracing process name/id : com.android.browser/762, whose used Pss/Dirty memory usage(kb): 3308/2116.
2012-06-28 11:51:25		Tracing process name/id : com.google.android.gallery3d/549, whose used Pss/Dirty memory usage(kb): 3205/2096.
2012-06-28 11:51:25		Tracing process name/id : com.android.mms/872, whose used Pss/Dirty memory usage(kb): 2971/1772.
2012-06-28 11:51:25		Tracing process name/id : com.android.ebl.akl.service.vmCrashTestify/791, whose used Pss/Dirty memory usage(kb): 2882/2020.
2012-06-28 11:51:25		Tracing process name/id : com.android.nfc3/192, whose used Pss/Dirty memory usage(kb): 2511/1564.
2012-06-28 11:51:25		Tracing process name/id : com.android.service.test/1134, whose used Pss/Dirty memory usage(kb): 2443/1708.
2012-06-28 11:51:25		Tracing process name/id : com.google.android.apps.uploader/558, whose used Pss/Dirty memory usage(kb): 2363/1444.
2012-06-28 11:51:25		Tracing process name/id : com.android.ebl.akl.service.batteryRundown/680, whose used Pss/Dirty memory usage(kb): 2038/1340.
2012-06-28 11:51:25		Memory Information : 176MB, total used pss memory : 159 MB 136 KB, total used dirty memory : 97 MB 736 KB.
2012-06-28 11:51:28		Tracing process name/id : system/109, whose used Pss/Dirty memory usage(kb): 43413/26296.
2012-06-28 11:51:28		Tracing process name/id : com.android.launcher/193, whose used Pss/Dirty memory usage(kb): 30452/15428.
2012-06-28 11:51:28		Tracing process name/id : com.android.systemui/173, whose used Pss/Dirty memory usage(kb): 10597/7012.
2012-06-28 11:51:28		Tracing process name/id : com.android.vending/523, whose used Pss/Dirty memory usage(kb): 7656/4592.
2012-06-28 11:51:28		Tracing process name/id : com.google.process.gapps/232, whose used Pss/Dirty memory usage(kb): 7359/4908.
2012-06-28 11:51:28		Tracing process name/id : com.google.android.inputmethod.latin/181, whose used Pss/Dirty memory usage(kb): 6681/5132.
2012-06-28 11:51:28		Tracing process name/id : com.google.android.apps.maps/1558, whose used Pss/Dirty memory usage(kb): 6620/3572.
2012-06-28 11:51:28		Tracing process name/id : com.google.android.googlequicksearchbox/498, whose used Pss/Dirty memory usage(kb): 6137/4572.
2012-06-28 11:51:28		Tracing process name/id : com.android.phone/191, whose used Pss/Dirty memory usage(kb): 5594/3580.
2012-06-28 11:51:29		Tracing process name/id : android.process.acore/224, whose used Pss/Dirty memory usage(kb): 4598/3280.
2012-06-28 11:51:29		Tracing process name/id : com.google.android.apps.genie.geniewidget/512, whose used Pss/Dirty memory usage(kb): 4181/2692.
2012-06-28 11:51:29		Tracing process name/id : android.process.media/299, whose used Pss/Dirty memory usage(kb): 3723/2660.
2012-06-28 11:51:29		Tracing process name/id : com.noshufou.android.su/575, whose used Pss/Dirty memory usage(kb): 3444/2216.
2012-06-28 11:51:29		Tracing process name/id : com.android.browser/762, whose used Pss/Dirty memory usage(kb): 3308/2116.
2012-06-28 11:51:29		Tracing process name/id : com.android.ebl.akl.service.memoryLog/701, whose used Pss/Dirty memory usage(kb): 3237/2524.
2012-06-28 11:51:29		Tracing process name/id : com.google.android.gallery3d/549, whose used Pss/Dirty memory usage(kb): 3205/2096.
2012-06-28 11:51:29		Tracing process name/id : com.android.mms/872, whose used Pss/Dirty memory usage(kb): 2971/1772.
2012-06-28 11:51:29		Tracing process name/id : com.android.ebl.akl.service.vmCrashTestify/791, whose used Pss/Dirty memory usage(kb): 2882/2020.
2012-06-28 11:51:29		Tracing process name/id : com.android.nfc3/192, whose used Pss/Dirty memory usage(kb): 2515/1568.
2012-06-28 11:51:29		Tracing process name/id : com.android.service.test/1134, whose used Pss/Dirty memory usage(kb): 2455/1720.
2012-06-28 11:51:29		Tracing process name/id : com.google.android.apps.uploader/558, whose used Pss/Dirty memory usage(kb): 2363/1444.
2012-06-28 11:51:29		Tracing process name/id : com.android.ebl.akl.service.batteryRundown/680, whose used Pss/Dirty memory usage(kb): 2038/1340.
2012-06-28 11:51:29		Memory Information : 174MB, total used pss memory : 161 MB 565 KB, total used dirty memory : 100 MB 140 KB.
2012-06-28 11:51:32		Tracing process name/id : system/109, whose used Pss/Dirty memory usage(kb): 39827/23460.
2012-06-28 11:51:32		Tracing process name/id : com.android.launcher/193, whose used Pss/Dirty memory usage(kb): 29702/15380.
2012-06-28 11:51:32		Tracing process name/id : com.android.systemui/173, whose used Pss/Dirty memory usage(kb): 10597/7012.
2012-06-28 11:51:32		Tracing process name/id : com.android.vending/523, whose used Pss/Dirty memory usage(kb): 7656/4592.
2012-06-28 11:51:32		Tracing process name/id : com.google.process.gapps/232, whose used Pss/Dirty memory usage(kb): 7359/4908.
2012-06-28 11:51:32		Tracing process name/id : com.google.android.inputmethod.latin/181, whose used Pss/Dirty memory usage(kb): 7265/5716.
2012-06-28 11:51:32		Tracing process name/id : com.google.android.apps.maps/1558, whose used Pss/Dirty memory usage(kb): 6620/3572.
2012-06-28 11:51:32		Tracing process name/id : com.google.android.googlequicksearchbox/498, whose used Pss/Dirty memory usage(kb): 6169/4600.
2012-06-28 11:51:32		Tracing process name/id : com.android.phone/191, whose used Pss/Dirty memory usage(kb): 5598/3584.
2012-06-28 11:51:32		Tracing process name/id : android.process.acore/224, whose used Pss/Dirty memory usage(kb): 4598/3280.
2012-06-28 11:51:32		Tracing process name/id : com.google.android.apps.genie.geniewidget/512, whose used Pss/Dirty memory usage(kb): 4181/2692.
2012-06-28 11:51:32		Tracing process name/id : android.process.media/299, whose used Pss/Dirty memory usage(kb): 3723/2660.
2012-06-28 11:51:32		Tracing process name/id : com.noshufou.android.su/575, whose used Pss/Dirty memory usage(kb): 3444/2216.
2012-06-28 11:51:32		Tracing process name/id : com.android.ebl.akl.service.memoryLog/701, whose used Pss/Dirty memory usage(kb): 3345/2632.
2012-06-28 11:51:32		Tracing process name/id : com.android.browser/762, whose used Pss/Dirty memory usage(kb): 3310/2116.
2012-06-28 11:51:32		Tracing process name/id : com.google.android.gallery3d/549, whose used Pss/Dirty memory usage(kb): 3205/2096.
2012-06-28 11:51:32		Tracing process name/id : com.android.mms/872, whose used Pss/Dirty memory usage(kb): 2981/1780.
2012-06-28 11:51:32		Tracing process name/id : com.android.ebl.akl.service.vmCrashTestify/791, whose used Pss/Dirty memory usage(kb): 2918/2056.
2012-06-28 11:51:32		Tracing process name/id : com.android.nfc3/192, whose used Pss/Dirty memory usage(kb): 2515/1568.
2012-06-28 11:51:32		Tracing process name/id : com.android.service.test/1134, whose used Pss/Dirty memory usage(kb): 2455/1720.
2012-06-28 11:51:32		Tracing process name/id : com.google.android.apps.uploader/558, whose used Pss/Dirty memory usage(kb): 2363/1444.
2012-06-28 11:51:32		Tracing process name/id : com.android.ebl.akl.service.batteryRundown/680, whose used Pss/Dirty memory usage(kb): 2038/1340.
2012-06-28 11:51:32		Memory Information : 177MB, total used pss memory : 158 MB 77 KB, total used dirty memory : 98 MB 72 KB.
2012-06-28 11:51:35		Tracing process name/id : system/109, whose used Pss/Dirty memory usage(kb): 39827/23460.
2012-06-28 11:51:35		Tracing process name/id : com.android.launcher/193, whose used Pss/Dirty memory usage(kb): 29702/15380.
2012-06-28 11:51:35		Tracing process name/id : com.android.systemui/173, whose used Pss/Dirty memory usage(kb): 10597/7012.
2012-06-28 11:51:35		Tracing process name/id : com.android.vending/523, whose used Pss/Dirty memory usage(kb): 7656/4592.
2012-06-28 11:51:35		Tracing process name/id : com.google.process.gapps/232, whose used Pss/Dirty memory usage(kb): 7359/4908.
2012-06-28 11:51:35		Tracing process name/id : com.google.android.inputmethod.latin/181, whose used Pss/Dirty memory usage(kb): 7265/5716.
2012-06-28 11:51:35		Tracing process name/id : com.google.android.apps.maps/1558, whose used Pss/Dirty memory usage(kb): 6620/3572.
2012-06-28 11:51:35		Tracing process name/id : com.google.android.googlequicksearchbox/498, whose used Pss/Dirty memory usage(kb): 6169/4600.
2012-06-28 11:51:35		Tracing process name/id : com.android.phone/191, whose used Pss/Dirty memory usage(kb): 5598/3584.
2012-06-28 11:51:35		Tracing process name/id : android.process.acore/224, whose used Pss/Dirty memory usage(kb): 4598/3280.
2012-06-28 11:51:35		Tracing process name/id : com.google.android.apps.genie.geniewidget/512, whose used Pss/Dirty memory usage(kb): 4181/2692.
2012-06-28 11:51:35		Tracing process name/id : android.process.media/299, whose used Pss/Dirty memory usage(kb): 3723/2660.
2012-06-28 11:51:35		Tracing process name/id : com.noshufou.android.su/575, whose used Pss/Dirty memory usage(kb): 3444/2216.
2012-06-28 11:51:35		Tracing process name/id : com.android.browser/762, whose used Pss/Dirty memory usage(kb): 3310/2116.
2012-06-28 11:51:35		Tracing process name/id : com.android.ebl.akl.service.memoryLog/701, whose used Pss/Dirty memory usage(kb): 3229/2516.
2012-06-28 11:51:35		Tracing process name/id : com.google.android.gallery3d/549, whose used Pss/Dirty memory usage(kb): 3205/2096.
2012-06-28 11:51:35		Tracing process name/id : com.android.mms/872, whose used Pss/Dirty memory usage(kb): 2981/1780.
2012-06-28 11:51:35		Tracing process name/id : com.android.ebl.akl.service.vmCrashTestify/791, whose used Pss/Dirty memory usage(kb): 2918/2056.
2012-06-28 11:51:35		Tracing process name/id : com.android.nfc3/192, whose used Pss/Dirty memory usage(kb): 2515/1568.
2012-06-28 11:51:35		Tracing process name/id : com.android.service.test/1134, whose used Pss/Dirty memory usage(kb): 2455/1720.
2012-06-28 11:51:35		Tracing process name/id : com.google.android.apps.uploader/558, whose used Pss/Dirty memory usage(kb): 2363/1444.
2012-06-28 11:51:35		Tracing process name/id : com.android.ebl.akl.service.batteryRundown/680, whose used Pss/Dirty memory usage(kb): 2038/1340.
2012-06-28 11:51:35		Memory Information : 178MB, total used pss memory : 157 MB 985 KB, total used dirty memory : 97 MB 980 KB.
